<?xml version="1.0" encoding="UTF-8" ?>
<testsuite failures="0" time="0.057" errors="0" skipped="0" tests="6" name="seahacks.exception.ApplicationExceptionTest">
  <properties>
[...]
</properties>
  <testcase time="0.003" classname="seahacks.exception.ApplicationExceptionTest" name="testThrowableConstructor"/>
  <testcase time="0" classname="seahacks.exception.ApplicationExceptionTest" name="testErrorCodeAndThrowableConstructor"/>
  <testcase time="0.001" classname="seahacks.exception.ApplicationExceptionTest" name="testErrorCodeConstructor"/>
  <testcase time="0" classname="seahacks.exception.ApplicationExceptionTest" name="testErrorCodeAndMessageAndThrowableConstructor"/>
  <testcase time="0.001" classname="seahacks.exception.ApplicationExceptionTest" name="testMessageAndThrowableConstructor"/>
  <testcase time="0" classname="seahacks.exception.ApplicationExceptionTest" name="testMessageConstructor"/>
</testsuite>